<?xml version="1.0" encoding="UTF-8"?>
<!-- Generated by org.testng.reporters.JUnitReportReporter -->
<testsuite hostname="Salils-MacBook-Pro.local" failures="0" tests="3" name="org.ac.android.Login" time="44.749" errors="0" timestamp="2022-11-21T11:41:08 IST" skipped="2">
  <testcase classname="org.ac.android.Login" name="Android_Login_Tc10_ChangePassword" time="44.749"/>
  <system-out/>
  <testcase classname="org.ac.android.Login" name="Android_Login_Tc8_LoginWithNoInternet">
    <skipped/>
  </testcase> <!-- Android_Login_Tc8_LoginWithNoInternet -->
  <system-out/>
  <testcase classname="org.ac.android.Login" name="Android_Login_Tc1_Valid_Login_With_MailAndPhone">
    <skipped/>
  </testcase> <!-- Android_Login_Tc1_Valid_Login_With_MailAndPhone -->
  <system-out/>
</testsuite> <!-- org.ac.android.Login -->
